# JRE version: OpenJDK Runtime Environment Temurin-21.0.10+7 (21.0.10+7) (build 21.0.10+7-LTS)
# Java VM: OpenJDK 64-Bit Server VM Temurin-21.0.10+7 (21.0.10+7-LTS, mixed mode, sharing, tiered, compressed oops, compressed class ptrs, parallel gc, windows-amd64)
GC Precious Log:
 CardTable entry size: 512
 CPUs: 4 total, 4 available
 Memory: 7112M
 Large Page Support: Disabled
 NUMA Support: Disabled
 Compressed Oops: Enabled (32-bit)
 Alignments: Space 512K, Generation 512K, Heap 2M
 Heap Min Capacity: 100M
 Heap Initial Capacity: 100M
 Heap Max Capacity: 2G
 Pre-touch: Disabled
 Parallel Workers: 4
Heap:
 PSYoungGen      total 5120K, used 388K [0x00000000d5580000, 0x00000000d5b80000, 0x0000000100000000)
  eden space 4096K, 6% used [0x00000000d5580000,0x00000000d55c11e8,0x00000000d5980000)
  from space 1024K, 12% used [0x00000000d5980000,0x00000000d59a0000,0x00000000d5a80000)
  to   space 512K, 0% used [0x00000000d5b00000,0x00000000d5b00000,0x00000000d5b80000)
 ParOldGen       total 1385984K, used 1385610K [0x0000000080000000, 0x00000000d4980000, 0x00000000d5580000)
  object space 1385984K, 99% used [0x0000000080000000,0x00000000d49229f8,0x00000000d4980000)
 Metaspace       used 88500K, committed 90432K, reserved 1179648K
  class space    used 9248K, committed 10176K, reserved 1048576K
GC Heap History (20 events):
Event: 160.423 GC heap before
{Heap before GC invocations=2290 (full 4):
 PSYoungGen      total 3584K, used 3108K [0x00000000d5580000, 0x00000000d5c80000, 0x0000000100000000)
  eden space 1536K, 100% used [0x00000000d5580000,0x00000000d5700000,0x00000000d5700000)
  from space 2048K, 76% used [0x00000000d5700000,0x00000000d5889260,0x00000000d5900000)
  to   space 2560K, 0% used [0x00000000d5a00000,0x00000000d5a00000,0x00000000d5c80000)
 ParOldGen       total 1341952K, used 1341614K [0x0000000080000000, 0x00000000d1e80000, 0x00000000d5580000)
  object space 1341952K, 99% used [0x0000000080000000,0x00000000d1e2bb88,0x00000000d1e80000)
 Metaspace       used 88455K, committed 90432K, reserved 1179648K
  class space    used 9247K, committed 10176K, reserved 1048576K
}
Event: 160.427 GC heap after
{Heap after GC invocations=2290 (full 4):
 PSYoungGen      total 3584K, used 1500K [0x00000000d5580000, 0x00000000d5b80000, 0x0000000100000000)
  eden space 2048K, 0% used [0x00000000d5580000,0x00000000d5580000,0x00000000d5780000)
  from space 1536K, 97% used [0x00000000d5a00000,0x00000000d5b77010,0x00000000d5b80000)
  to   space 2048K, 0% used [0x00000000d5780000,0x00000000d5780000,0x00000000d5980000)
 ParOldGen       total 1343488K, used 1343119K [0x0000000080000000, 0x00000000d2000000, 0x00000000d5580000)
  object space 1343488K, 99% used [0x0000000080000000,0x00000000d1fa3f70,0x00000000d2000000)
 Metaspace       used 88455K, committed 90432K, reserved 1179648K
  class space    used 9247K, committed 10176K, reserved 1048576K
}
Event: 160.434 GC heap before
{Heap before GC invocations=2291 (full 4):
 PSYoungGen      total 3584K, used 3548K [0x00000000d5580000, 0x00000000d5b80000, 0x0000000100000000)
  eden space 2048K, 100% used [0x00000000d5580000,0x00000000d5780000,0x00000000d5780000)
  from space 1536K, 97% used [0x00000000d5a00000,0x00000000d5b77010,0x00000000d5b80000)
  to   space 2048K, 0% used [0x00000000d5780000,0x00000000d5780000,0x00000000d5980000)
 ParOldGen       total 1343488K, used 1343119K [0x0000000080000000, 0x00000000d2000000, 0x00000000d5580000)
  object space 1343488K, 99% used [0x0000000080000000,0x00000000d1fa3f70,0x00000000d2000000)
 Metaspace       used 88461K, committed 90432K, reserved 1179648K
  class space    used 9247K, committed 10176K, reserved 1048576K
}
Event: 160.438 GC heap after
{Heap after GC invocations=2291 (full 4):
 PSYoungGen      total 4096K, used 576K [0x00000000d5580000, 0x00000000d5a80000, 0x0000000100000000)
  eden space 2048K, 0% used [0x00000000d5580000,0x00000000d5580000,0x00000000d5780000)
  from space 2048K, 28% used [0x00000000d5780000,0x00000000d5810000,0x00000000d5980000)
  to   space 1024K, 0% used [0x00000000d5980000,0x00000000d5980000,0x00000000d5a80000)
 ParOldGen       total 1345024K, used 1344609K [0x0000000080000000, 0x00000000d2180000, 0x00000000d5580000)
  object space 1345024K, 99% used [0x0000000080000000,0x00000000d2118518,0x00000000d2180000)
 Metaspace       used 88461K, committed 90432K, reserved 1179648K
  class space    used 9247K, committed 10176K, reserved 1048576K
}
Event: 160.481 GC heap before
{Heap before GC invocations=2292 (full 4):
 PSYoungGen      total 4096K, used 2624K [0x00000000d5580000, 0x00000000d5a80000, 0x0000000100000000)
  eden space 2048K, 100% used [0x00000000d5580000,0x00000000d5780000,0x00000000d5780000)
  from space 2048K, 28% used [0x00000000d5780000,0x00000000d5810000,0x00000000d5980000)
  to   space 1024K, 0% used [0x00000000d5980000,0x00000000d5980000,0x00000000d5a80000)
 ParOldGen       total 1376768K, used 1375329K [0x0000000080000000, 0x00000000d4080000, 0x00000000d5580000)
  object space 1376768K, 99% used [0x0000000080000000,0x00000000d3f18548,0x00000000d4080000)
 Metaspace       used 88475K, committed 90432K, reserved 1179648K
  class space    used 9247K, committed 10176K, reserved 1048576K
}
Event: 160.484 GC heap after
{Heap after GC invocations=2292 (full 4):
 PSYoungGen      total 3072K, used 320K [0x00000000d5580000, 0x00000000d5a00000, 0x0000000100000000)
  eden space 2560K, 0% used [0x00000000d5580000,0x00000000d5580000,0x00000000d5800000)
  from space 512K, 62% used [0x00000000d5980000,0x00000000d59d0000,0x00000000d5a00000)
  to   space 512K, 0% used [0x00000000d5900000,0x00000000d5900000,0x00000000d5980000)
 ParOldGen       total 1376768K, used 1375841K [0x0000000080000000, 0x00000000d4080000, 0x00000000d5580000)
  object space 1376768K, 99% used [0x0000000080000000,0x00000000d3f98548,0x00000000d4080000)
 Metaspace       used 88475K, committed 90432K, reserved 1179648K
  class space    used 9247K, committed 10176K, reserved 1048576K
}
Event: 160.496 GC heap before
{Heap before GC invocations=2293 (full 4):
 PSYoungGen      total 3072K, used 2880K [0x00000000d5580000, 0x00000000d5a00000, 0x0000000100000000)
  eden space 2560K, 100% used [0x00000000d5580000,0x00000000d5800000,0x00000000d5800000)
  from space 512K, 62% used [0x00000000d5980000,0x00000000d59d0000,0x00000000d5a00000)
  to   space 512K, 0% used [0x00000000d5900000,0x00000000d5900000,0x00000000d5980000)
 ParOldGen       total 1376768K, used 1375841K [0x0000000080000000, 0x00000000d4080000, 0x00000000d5580000)
  object space 1376768K, 99% used [0x0000000080000000,0x00000000d3f98548,0x00000000d4080000)
 Metaspace       used 88476K, committed 90432K, reserved 1179648K
  class space    used 9247K, committed 10176K, reserved 1048576K
}
Event: 160.500 GC heap after
{Heap after GC invocations=2293 (full 4):
 PSYoungGen      total 3584K, used 486K [0x00000000d5580000, 0x00000000d5e80000, 0x0000000100000000)
  eden space 3072K, 0% used [0x00000000d5580000,0x00000000d5580000,0x00000000d5880000)
  from space 512K, 95% used [0x00000000d5900000,0x00000000d5979a50,0x00000000d5980000)
  to   space 3072K, 0% used [0x00000000d5b80000,0x00000000d5b80000,0x00000000d5e80000)
 ParOldGen       total 1377792K, used 1377787K [0x0000000080000000, 0x00000000d4180000, 0x00000000d5580000)
  object space 1377792K, 99% used [0x0000000080000000,0x00000000d417efa8,0x00000000d4180000)
 Metaspace       used 88476K, committed 90432K, reserved 1179648K
  class space    used 9247K, committed 10176K, reserved 1048576K
}
Event: 160.509 GC heap before
{Heap before GC invocations=2294 (full 4):
 PSYoungGen      total 3584K, used 3558K [0x00000000d5580000, 0x00000000d5e80000, 0x0000000100000000)
  eden space 3072K, 100% used [0x00000000d5580000,0x00000000d5880000,0x00000000d5880000)
  from space 512K, 95% used [0x00000000d5900000,0x00000000d5979a50,0x00000000d5980000)
  to   space 3072K, 0% used [0x00000000d5b80000,0x00000000d5b80000,0x00000000d5e80000)
 ParOldGen       total 1377792K, used 1377787K [0x0000000080000000, 0x00000000d4180000, 0x00000000d5580000)
  object space 1377792K, 99% used [0x0000000080000000,0x00000000d417efa8,0x00000000d4180000)
 Metaspace       used 88476K, committed 90432K, reserved 1179648K
  class space    used 9247K, committed 10176K, reserved 1048576K
}
Event: 160.513 GC heap after
{Heap after GC invocations=2294 (full 4):
 PSYoungGen      total 5632K, used 2976K [0x00000000d5580000, 0x00000000d6080000, 0x0000000100000000)
  eden space 2560K, 0% used [0x00000000d5580000,0x00000000d5580000,0x00000000d5800000)
  from space 3072K, 96% used [0x00000000d5b80000,0x00000000d5e68000,0x00000000d5e80000)
  to   space 3584K, 0% used [0x00000000d5800000,0x00000000d5800000,0x00000000d5b80000)
 ParOldGen       total 1378304K, used 1378282K [0x0000000080000000, 0x00000000d4200000, 0x00000000d5580000)
  object space 1378304K, 99% used [0x0000000080000000,0x00000000d41fa9f8,0x00000000d4200000)
 Metaspace       used 88476K, committed 90432K, reserved 1179648K
  class space    used 9247K, committed 10176K, reserved 1048576K
}
Event: 160.525 GC heap before
{Heap before GC invocations=2295 (full 4):
 PSYoungGen      total 5632K, used 5536K [0x00000000d5580000, 0x00000000d6080000, 0x0000000100000000)
  eden space 2560K, 100% used [0x00000000d5580000,0x00000000d5800000,0x00000000d5800000)
  from space 3072K, 96% used [0x00000000d5b80000,0x00000000d5e68000,0x00000000d5e80000)
  to   space 3584K, 0% used [0x00000000d5800000,0x00000000d5800000,0x00000000d5b80000)
 ParOldGen       total 1378304K, used 1378282K [0x0000000080000000, 0x00000000d4200000, 0x00000000d5580000)
  object space 1378304K, 99% used [0x0000000080000000,0x00000000d41fa9f8,0x00000000d4200000)
 Metaspace       used 88476K, committed 90432K, reserved 1179648K
  class space    used 9247K, committed 10176K, reserved 1048576K
}
Event: 160.530 GC heap after
{Heap after GC invocations=2295 (full 4):
 PSYoungGen      total 4608K, used 1760K [0x00000000d5580000, 0x00000000d5d80000, 0x0000000100000000)
  eden space 2560K, 0% used [0x00000000d5580000,0x00000000d5580000,0x00000000d5800000)
  from space 2048K, 85% used [0x00000000d5800000,0x00000000d59b8000,0x00000000d5a00000)
  to   space 2560K, 0% used [0x00000000d5b00000,0x00000000d5b00000,0x00000000d5d80000)
 ParOldGen       total 1381376K, used 1381242K [0x0000000080000000, 0x00000000d4500000, 0x00000000d5580000)
  object space 1381376K, 99% used [0x0000000080000000,0x00000000d44de9f8,0x00000000d4500000)
 Metaspace       used 88476K, committed 90432K, reserved 1179648K
  class space    used 9247K, committed 10176K, reserved 1048576K
}
Event: 160.546 GC heap before
{Heap before GC invocations=2296 (full 4):
 PSYoungGen      total 4608K, used 4226K [0x00000000d5580000, 0x00000000d5d80000, 0x0000000100000000)
  eden space 2560K, 96% used [0x00000000d5580000,0x00000000d57e8b08,0x00000000d5800000)
  from space 2048K, 85% used [0x00000000d5800000,0x00000000d59b8000,0x00000000d5a00000)
  to   space 2560K, 0% used [0x00000000d5b00000,0x00000000d5b00000,0x00000000d5d80000)
 ParOldGen       total 1381376K, used 1381242K [0x0000000080000000, 0x00000000d4500000, 0x00000000d5580000)
  object space 1381376K, 99% used [0x0000000080000000,0x00000000d44de9f8,0x00000000d4500000)
 Metaspace       used 88476K, committed 90432K, reserved 1179648K
  class space    used 9247K, committed 10176K, reserved 1048576K
}
Event: 160.550 GC heap after
{Heap after GC invocations=2296 (full 4):
 PSYoungGen      total 5120K, used 1744K [0x00000000d5580000, 0x00000000d5d00000, 0x0000000100000000)
  eden space 3072K, 0% used [0x00000000d5580000,0x00000000d5580000,0x00000000d5880000)
  from space 2048K, 85% used [0x00000000d5b00000,0x00000000d5cb4000,0x00000000d5d00000)
  to   space 2048K, 0% used [0x00000000d5900000,0x00000000d5900000,0x00000000d5b00000)
 ParOldGen       total 1383424K, used 1382970K [0x0000000080000000, 0x00000000d4700000, 0x00000000d5580000)
  object space 1383424K, 99% used [0x0000000080000000,0x00000000d468e9f8,0x00000000d4700000)
 Metaspace       used 88476K, committed 90432K, reserved 1179648K
  class space    used 9247K, committed 10176K, reserved 1048576K
}
Event: 161.001 GC heap before
{Heap before GC invocations=2297 (full 4):
 PSYoungGen      total 5120K, used 4816K [0x00000000d5580000, 0x00000000d5d00000, 0x0000000100000000)
  eden space 3072K, 100% used [0x00000000d5580000,0x00000000d5880000,0x00000000d5880000)
  from space 2048K, 85% used [0x00000000d5b00000,0x00000000d5cb4000,0x00000000d5d00000)
  to   space 2048K, 0% used [0x00000000d5900000,0x00000000d5900000,0x00000000d5b00000)
 ParOldGen       total 1383424K, used 1382970K [0x0000000080000000, 0x00000000d4700000, 0x00000000d5580000)
  object space 1383424K, 99% used [0x0000000080000000,0x00000000d468e9f8,0x00000000d4700000)
 Metaspace       used 88476K, committed 90432K, reserved 1179648K
  class space    used 9247K, committed 10176K, reserved 1048576K
}
Event: 161.005 GC heap after
{Heap after GC invocations=2297 (full 4):
 PSYoungGen      total 5120K, used 1556K [0x00000000d5580000, 0x00000000d5c80000, 0x0000000100000000)
  eden space 3072K, 0% used [0x00000000d5580000,0x00000000d5580000,0x00000000d5880000)
  from space 2048K, 76% used [0x00000000d5900000,0x00000000d5a85200,0x00000000d5b00000)
  to   space 1536K, 0% used [0x00000000d5b00000,0x00000000d5b00000,0x00000000d5c80000)
 ParOldGen       total 1384448K, used 1384322K [0x0000000080000000, 0x00000000d4800000, 0x00000000d5580000)
  object space 1384448K, 99% used [0x0000000080000000,0x00000000d47e09f8,0x00000000d4800000)
 Metaspace       used 88476K, committed 90432K, reserved 1179648K
  class space    used 9247K, committed 10176K, reserved 1048576K
}
Event: 161.013 GC heap before
{Heap before GC invocations=2298 (full 4):
 PSYoungGen      total 5120K, used 4628K [0x00000000d5580000, 0x00000000d5c80000, 0x0000000100000000)
  eden space 3072K, 100% used [0x00000000d5580000,0x00000000d5880000,0x00000000d5880000)
  from space 2048K, 76% used [0x00000000d5900000,0x00000000d5a85200,0x00000000d5b00000)
  to   space 1536K, 0% used [0x00000000d5b00000,0x00000000d5b00000,0x00000000d5c80000)
 ParOldGen       total 1384448K, used 1384322K [0x0000000080000000, 0x00000000d4800000, 0x00000000d5580000)
  object space 1384448K, 99% used [0x0000000080000000,0x00000000d47e09f8,0x00000000d4800000)
 Metaspace       used 88491K, committed 90432K, reserved 1179648K
  class space    used 9248K, committed 10176K, reserved 1048576K
}
Event: 161.016 GC heap after
{Heap after GC invocations=2298 (full 4):
 PSYoungGen      total 4608K, used 148K [0x00000000d5580000, 0x00000000d5b80000, 0x0000000100000000)
  eden space 4096K, 0% used [0x00000000d5580000,0x00000000d5580000,0x00000000d5980000)
  from space 512K, 29% used [0x00000000d5b00000,0x00000000d5b25200,0x00000000d5b80000)
  to   space 1024K, 0% used [0x00000000d5980000,0x00000000d5980000,0x00000000d5a80000)
 ParOldGen       total 1385984K, used 1385594K [0x0000000080000000, 0x00000000d4980000, 0x00000000d5580000)
  object space 1385984K, 99% used [0x0000000080000000,0x00000000d491e9f8,0x00000000d4980000)
 Metaspace       used 88491K, committed 90432K, reserved 1179648K
  class space    used 9248K, committed 10176K, reserved 1048576K
}
Event: 161.294 GC heap before
{Heap before GC invocations=2299 (full 4):
 PSYoungGen      total 4608K, used 4244K [0x00000000d5580000, 0x00000000d5b80000, 0x0000000100000000)
  eden space 4096K, 100% used [0x00000000d5580000,0x00000000d5980000,0x00000000d5980000)
  from space 512K, 29% used [0x00000000d5b00000,0x00000000d5b25200,0x00000000d5b80000)
  to   space 1024K, 0% used [0x00000000d5980000,0x00000000d5980000,0x00000000d5a80000)
 ParOldGen       total 1385984K, used 1385594K [0x0000000080000000, 0x00000000d4980000, 0x00000000d5580000)
  object space 1385984K, 99% used [0x0000000080000000,0x00000000d491e9f8,0x00000000d4980000)
 Metaspace       used 88499K, committed 90432K, reserved 1179648K
  class space    used 9248K, committed 10176K, reserved 1048576K
}
Event: 161.296 GC heap after
{Heap after GC invocations=2299 (full 4):
 PSYoungGen      total 5120K, used 128K [0x00000000d5580000, 0x00000000d5b80000, 0x0000000100000000)
  eden space 4096K, 0% used [0x00000000d5580000,0x00000000d5580000,0x00000000d5980000)
  from space 1024K, 12% used [0x00000000d5980000,0x00000000d59a0000,0x00000000d5a80000)
  to   space 512K, 0% used [0x00000000d5b00000,0x00000000d5b00000,0x00000000d5b80000)
 ParOldGen       total 1385984K, used 1385610K [0x0000000080000000, 0x00000000d4980000, 0x00000000d5580000)
  object space 1385984K, 99% used [0x0000000080000000,0x00000000d49229f8,0x00000000d4980000)
 Metaspace       used 88499K, committed 90432K, reserved 1179648K
  class space    used 9248K, committed 10176K, reserved 1048576K
}

